<?xml version="1.0" encoding="UTF-8"?>
<!-- Generated by org.testng.reporters.JUnitXMLReporter -->
<testsuite ignored="1" hostname="KANINI-LTP-814" failures="0" tests="4" name="firefoxTest" time="0.885" errors="0" timestamp="2023-09-15T10:09:40 IST">
  <testcase classname="testCases.TC_001_launchApplication" name="testLogin" time="0.0">
    <skipped/>
  </testcase> <!-- testLogin -->
  <testcase classname="testCases.TC_002_EnterData_MissingData" name="testLogin" time="0.0">
    <skipped/>
  </testcase> <!-- testLogin -->
  <testcase classname="testCases.TC_002_EnterData_MissingData" name="ClickToEnterData" time="0.0">
    <skipped/>
  </testcase> <!-- ClickToEnterData -->
  <testcase classname="testCases.TC_002_EnterData_MissingData" name="General_Biomed" time="0.0">
    <skipped/>
  </testcase> <!-- General_Biomed -->
  <testcase classname="testBase.BaseClass" name="@BeforeTest setup" time="0.0">
    <ignored/>
  </testcase> <!-- @BeforeTest setup -->
</testsuite> <!-- firefoxTest -->
